07/12/2019 09:46:35 AM: log file : ./save/log/201907120946-595c2b69.log 
07/12/2019 09:46:35 AM: Namespace(batch_size=32, input_file_dir='/home/jaehoon/Git/attention_is_allyouneed/dataset/de-en/train.en', output_file_dir='/home/jaehoon/Git/attention_is_allyouneed/dataset/de-en/train.de', save_log=True, sentence_model_gen='False') 
07/12/2019 09:46:35 AM: ----- tokenize en first data ----- 
07/12/2019 09:46:35 AM: ['▁David', '▁G', 'al', 'lo', ':', '▁This', '▁is', '▁Bill', '▁La', 'n', 'ge', '.', '▁I', "'", 'm', '▁Da', 've', '▁G', 'al', 'lo', '.'] 
07/12/2019 09:46:35 AM: [2394, 378, 103, 342, 65, 111, 20, 2742, 874, 78, 419, 8, 17, 12, 45, 1485, 68, 378, 103, 342, 8] 
07/12/2019 09:46:35 AM: {} 
07/12/2019 09:46:47 AM: ----- tokenize de first data ----- 
07/12/2019 09:46:47 AM: ['▁David', '▁Gal', 'lo', ':', '▁Das', '▁ist', '▁Bill', '▁Lang', 'e', '.', '▁Ich', '▁bin', '▁Da', 've', '▁Gal', 'lo', '.'] 
07/12/2019 09:46:47 AM: [2945, 3275, 376, 43, 54, 17, 2918, 2984, 12, 8, 40, 192, 204, 911, 3275, 376, 8] 
07/12/2019 09:46:47 AM: {} 
07/12/2019 09:47:00 AM: max length of en word : 16 
07/12/2019 09:47:00 AM: max length of de word : 16 
07/12/2019 09:47:00 AM: max length of en sentence : 846 
07/12/2019 09:47:00 AM: max length of de sentence : 919 
07/12/2019 09:47:00 AM: max sentence length cutoff value 
07/12/2019 09:47:00 AM: 31 
07/12/2019 09:47:00 AM: max sentence length cutoff value 
07/12/2019 09:47:00 AM: 34 
07/12/2019 09:47:01 AM: inputs / outputs shape, first : inputs / second : outputs 
07/12/2019 09:47:01 AM: (148988, 34) 
07/12/2019 09:47:01 AM: (148988, 34) 
07/12/2019 09:47:01 AM: dictionary shape 
07/12/2019 09:47:01 AM: length of token2idx_en : 5000 
07/12/2019 09:47:01 AM: length of token2idx_de : 5000 
07/12/2019 09:47:01 AM: x, y shape 
07/12/2019 09:47:01 AM: torch.Size([32, 34]) 
07/12/2019 09:47:01 AM: torch.Size([32, 34]) 
